<!DOCTYPE html>
<html>
<head>
    <title>Test report</title>
    <meta name="generator" content="HTMLTestRunner 1.0.17"/>
    <meta http-equiv="Content-Type" content="text/html; charset=UTF-8"/>
    <link rel="stylesheet" href="stylesheet.css">
    <script src="script.js"></script>
    <style>
        
    </style>
    <script>
        
    </script>
</head>
<body>
<div class='heading'>
    <h1 style="margin-left:1ex;">Test report</h1>
    
    <p class='attribute'><strong>Start Time : </strong> 2022-07-31 23:09:51</p>
    
    <p class='attribute'><strong>Duration : </strong> 0:00:12.262907</p>
    
    <p class='attribute'><strong>Status : </strong> Error 1</p>
    
    <p class='attribute'><strong>Descrition : </strong> HTMLTestReport</p>
    
    <p class='attribute'><strong>Tested By : </strong> Unknown</p>
    
</div>
<div>
    <p id='show_detail_line'><b>Show</b>
        <button><a href='javascript:showCase(0)' style="color:#660066;">Summary</a></button>
        <button><a href='javascript:showCase(1)' style="color:#660066;">Failed</a></button>
        <button><a href='javascript:showCase(2)' style="color:#660066;">Passed</a></button>
        <button><a href='javascript:showCase(3)' style="color:#660066;">All</a></button>
    </p>
    <table id='result_table'>
        <colgroup>
            <col align='left'/>
            <col align='right'/>
            <col align='right'/>
            <col align='right'/>
            <col align='right'/>
            <col align='right'/>
        </colgroup>
        <tr id='header_row'>
            <td>Test Group/Test case</td>
            <td>Count</td>
            <td>Pass</td>
            <td>Fail</td>
            <td>Error</td>
            <td>View</td>
        </tr>
        
        <tr class='errorClass' style="font-weight:bold;color:white;">
            <td><a href="javascript:showClassDetail('c1','1')">TestSuites.Cabello.test_Servicios_Recomendados66.bolsa_cabello_recom</a></td>
            <td>1</td>
            <td>0</td>
            <td>0</td>
            <td>1</td>
            <td>
                <button><a href="javascript:showClassDetail('c1','1')"
                           style="color:#660066;">Detail</a></button>
            </td>
        </tr>
            
            <tr id="ft1.1" class='none'>
                <td class='errorCase'>
                    <div class='testcase'>
                        <a class="popup_link" onfocus='this.blur();'
                           href="javascript:showTestDetail('div_ft1.1')">test_bolsa</a>
                    </div>
                </td>
                <td colspan='5' align='center'>
                    <div>
                        <!--css div popup start-->
                        <button>
                            <a class="popup_link" onfocus='this.blur();'
                               href="javascript:showTestDetail('div_ft1.1')" style="color:#660066;">
                                ERROR
                            </a></button>
                        <div id='div_ft1.1' class="popup_window">
                            <div style='text-align: right; color:red;cursor:pointer'>
                                <a onfocus='this.blur();'
                                   onclick="document.getElementById('div_ft1.1').style.display = 'none'; "
                                   style="color:red;">
                                    [x]</a>
                            </div>
                            <pre></pre>
                            <pre style="color: red;">Traceback (most recent call last):
  File "C:\Users\juanp\PycharmProjects\Automation1\TestSuites\Cabello\test_Servicios_Recomendados66.py", line 36, in test_bolsa
    elemento_en_bolsa = self.driver.find_element(By.XPATH,
  File "C:\Users\juanp\PycharmProjects\Automation1\venv\lib\site-packages\selenium\webdriver\remote\webdriver.py", line 857, in find_element
    return self.execute(Command.FIND_ELEMENT, {
  File "C:\Users\juanp\PycharmProjects\Automation1\venv\lib\site-packages\selenium\webdriver\remote\webdriver.py", line 435, in execute
    self.error_handler.check_response(response)
  File "C:\Users\juanp\PycharmProjects\Automation1\venv\lib\site-packages\selenium\webdriver\remote\errorhandler.py", line 247, in check_response
    raise exception_class(message, screen, stacktrace)
selenium.common.exceptions.NoSuchElementException: Message: no such element: Unable to locate element: {"method":"xpath","selector":"//*[@id="ml-service-5"]/div[2]/div/div[1]/span"}
  (Session info: chrome=103.0.5060.134)
Stacktrace:
Backtrace:
	Ordinal0 [0x005D5FD3+2187219]
	Ordinal0 [0x0056E6D1+1763025]
	Ordinal0 [0x00483E78+802424]
	Ordinal0 [0x004B1C10+990224]
	Ordinal0 [0x004B1EAB+990891]
	Ordinal0 [0x004DEC92+1174674]
	Ordinal0 [0x004CCBD4+1100756]
	Ordinal0 [0x004DCFC2+1167298]
	Ordinal0 [0x004CC9A6+1100198]
	Ordinal0 [0x004A6F80+946048]
	Ordinal0 [0x004A7E76+949878]
	GetHandleVerifier [0x008790C2+2721218]
	GetHandleVerifier [0x0086AAF0+2662384]
	GetHandleVerifier [0x0066137A+526458]
	GetHandleVerifier [0x00660416+522518]
	Ordinal0 [0x00574EAB+1789611]
	Ordinal0 [0x005797A8+1808296]
	Ordinal0 [0x00579895+1808533]
	Ordinal0 [0x005826C1+1844929]
	BaseThreadInitThunk [0x75B46739+25]
	RtlGetFullPathName_UEx [0x77A48FEF+1215]
	RtlGetFullPathName_UEx [0x77A48FBD+1165]

</pre>
                        </div>
                        <!--css div popup end-->
                    </div>
                </td>
            </tr>
            
        

        <tr id='total_row'>
            <td>Total</td>
            <td>1</td>
            <td>0</td>
            <td>0</td>
            <td>1</td>
            <td>&nbsp;</td>
        </tr>
    </table>
</div>
<br><br>
<div id='ending'><b>Time Elapsed: </b>0:00:12.262907</div>
</body>
</html>